<?xml version="1.0" encoding="UTF-8"?>
<robot generator="Robot 7.0 (Python 3.12.2 on win32)" generated="2024-04-03T10:42:41.676545" rpa="false" schemaversion="5">
<suite id="s1" name="TabbedWindow" source="C:\Users\rihal\PycharmProjects\pythonProject\TestCases\TabbedWindow.robot">
<test id="s1-t1" name="TabbedWindowsTest" line="5">
<kw name="open broswer">
<msg time="2024-04-03T10:42:42.319676" level="FAIL">No keyword with name 'open broswer' found. Did you mean:
    SeleniumLibrary.Open Browser</msg>
<arg>https://demo.automationtesting.in/Windows.html</arg>
<arg>chrome</arg>
<status status="FAIL" start="2024-04-03T10:42:42.319676" elapsed="0.000000">No keyword with name 'open broswer' found. Did you mean:
    SeleniumLibrary.Open Browser</status>
</kw>
<kw name="Click Element" owner="SeleniumLibrary">
<arg>xpath://*[@id="Tabbed"]/a/button</arg>
<doc>Click the element identified by ``locator``.</doc>
<status status="NOT RUN" start="2024-04-03T10:42:42.321678" elapsed="0.000000"/>
</kw>
<kw name="select window">
<arg>title=Sakinalium | Home</arg>
<status status="NOT RUN" start="2024-04-03T10:42:42.325677" elapsed="0.000000"/>
</kw>
<kw name="clisk element">
<arg>xpath://*[@id="container"]/header/div/div/div[2]/ul/li[4]/a</arg>
<status status="NOT RUN" start="2024-04-03T10:42:42.327680" elapsed="0.000000"/>
</kw>
<kw name="Sleep" owner="BuiltIn">
<arg>3</arg>
<doc>Pauses the test executed for the given time.</doc>
<status status="NOT RUN" start="2024-04-03T10:42:42.329690" elapsed="0.000000"/>
</kw>
<kw name="close all broswers">
<status status="NOT RUN" start="2024-04-03T10:42:42.333681" elapsed="0.000000"/>
</kw>
<status status="FAIL" start="2024-04-03T10:42:42.314680" elapsed="0.020003">No keyword with name 'open broswer' found. Did you mean:
    SeleniumLibrary.Open Browser</status>
</test>
<status status="FAIL" start="2024-04-03T10:42:41.683543" elapsed="0.654138"/>
</suite>
<statistics>
<total>
<stat pass="0" fail="1" skip="0">All Tests</stat>
</total>
<tag>
</tag>
<suite>
<stat pass="0" fail="1" skip="0" id="s1" name="TabbedWindow">TabbedWindow</stat>
</suite>
</statistics>
<errors>
</errors>
</robot>
